<?xml version="1.0" encoding="UTF-8"?>
<!-- Generated by org.testng.reporters.JUnitReportReporter -->
<testsuite name="com.backroads.payroll.testcases.PayrollCalculationTests_US" tests="33" time="1.714" ignored="0" failures="0" timestamp="13 Mar 2017 23:29:36 GMT" skipped="0" hostname="BRPC444" errors="0">
  <testcase name="TS80_83_89US_test" time="0.046" classname="com.backroads.payroll.testcases.PayrollCalculationTests_US"/>
  <testcase name="TS80_83_89US_test" time="0.184" classname="com.backroads.payroll.testcases.PayrollCalculationTests_US"/>
  <testcase name="TS80_83_89US_test" time="0.048" classname="com.backroads.payroll.testcases.PayrollCalculationTests_US"/>
  <testcase name="TS80_83_89US_test" time="0.048" classname="com.backroads.payroll.testcases.PayrollCalculationTests_US"/>
  <testcase name="TS80_83_89US_test" time="0.049" classname="com.backroads.payroll.testcases.PayrollCalculationTests_US"/>
  <testcase name="TS80_83_89US_test" time="0.038" classname="com.backroads.payroll.testcases.PayrollCalculationTests_US"/>
  <testcase name="TS80_83_89US_test" time="0.048" classname="com.backroads.payroll.testcases.PayrollCalculationTests_US"/>
  <testcase name="TS80_83_89US_test" time="0.047" classname="com.backroads.payroll.testcases.PayrollCalculationTests_US"/>
  <testcase name="TS80_83_89US_test" time="0.048" classname="com.backroads.payroll.testcases.PayrollCalculationTests_US"/>
  <testcase name="TS80_83_89US_test" time="0.046" classname="com.backroads.payroll.testcases.PayrollCalculationTests_US"/>
  <testcase name="TS80_83_89US_test" time="0.049" classname="com.backroads.payroll.testcases.PayrollCalculationTests_US"/>
  <testcase name="TS80_83_89US_test" time="0.050" classname="com.backroads.payroll.testcases.PayrollCalculationTests_US"/>
  <testcase name="TS80_83_89US_test" time="0.048" classname="com.backroads.payroll.testcases.PayrollCalculationTests_US"/>
  <testcase name="TS80_83_89US_test" time="0.048" classname="com.backroads.payroll.testcases.PayrollCalculationTests_US"/>
  <testcase name="TS80_83_89US_test" time="0.048" classname="com.backroads.payroll.testcases.PayrollCalculationTests_US"/>
  <testcase name="TS80_83_89US_test" time="0.050" classname="com.backroads.payroll.testcases.PayrollCalculationTests_US"/>
  <testcase name="TS80_83_89US_test" time="0.051" classname="com.backroads.payroll.testcases.PayrollCalculationTests_US"/>
  <testcase name="TS80_83_89US_test" time="0.051" classname="com.backroads.payroll.testcases.PayrollCalculationTests_US"/>
  <testcase name="TS80_83_89US_test" time="0.046" classname="com.backroads.payroll.testcases.PayrollCalculationTests_US"/>
  <testcase name="TS80_83_89US_test" time="0.047" classname="com.backroads.payroll.testcases.PayrollCalculationTests_US"/>
  <testcase name="TS80_83_89US_test" time="0.048" classname="com.backroads.payroll.testcases.PayrollCalculationTests_US"/>
  <testcase name="TS80_83_89US_test" time="0.048" classname="com.backroads.payroll.testcases.PayrollCalculationTests_US"/>
  <testcase name="TS80_83_89US_test" time="0.050" classname="com.backroads.payroll.testcases.PayrollCalculationTests_US"/>
  <testcase name="TS80_83_89US_test" time="0.048" classname="com.backroads.payroll.testcases.PayrollCalculationTests_US"/>
  <testcase name="TS80_83_89US_test" time="0.048" classname="com.backroads.payroll.testcases.PayrollCalculationTests_US"/>
  <testcase name="TS80_83_89US_test" time="0.040" classname="com.backroads.payroll.testcases.PayrollCalculationTests_US"/>
  <testcase name="TS80_83_89US_test" time="0.049" classname="com.backroads.payroll.testcases.PayrollCalculationTests_US"/>
  <testcase name="TS80_83_89US_test" time="0.049" classname="com.backroads.payroll.testcases.PayrollCalculationTests_US"/>
  <testcase name="TS80_83_89US_test" time="0.047" classname="com.backroads.payroll.testcases.PayrollCalculationTests_US"/>
  <testcase name="TS80_83_89US_test" time="0.052" classname="com.backroads.payroll.testcases.PayrollCalculationTests_US"/>
  <testcase name="TS80_83_89US_test" time="0.051" classname="com.backroads.payroll.testcases.PayrollCalculationTests_US"/>
  <testcase name="TS80_83_89US_test" time="0.047" classname="com.backroads.payroll.testcases.PayrollCalculationTests_US"/>
  <testcase name="TS80_83_89US_test" time="0.047" classname="com.backroads.payroll.testcases.PayrollCalculationTests_US"/>
</testsuite> <!-- com.backroads.payroll.testcases.PayrollCalculationTests_US -->
