<?xml version="1.0" encoding="UTF-8"?>
<!-- Generated by org.testng.reporters.JUnitReportReporter -->
<testsuite name="com.backroads.webdriver.testcases.atlas.leadInnTripPageTest" tests="1" time="2.499" ignored="0" failures="0" timestamp="22 Mar 2017 00:24:28 GMT" skipped="0" hostname="BRPC444" errors="0">
  <testcase name="AtlasLeaderOnlyUSTest016_Non_Trip" time="2.499" classname="com.backroads.webdriver.testcases.atlas.leadInnTripPageTest"/>
</testsuite> <!-- com.backroads.webdriver.testcases.atlas.leadInnTripPageTest -->
