<?xml version="1.0" encoding="UTF-8"?>
<!-- Generated by org.testng.reporters.JUnitReportReporter -->
<testsuite name="test.com.backroads.webdriver.testcases.atlas.leadInnTripPageTest" tests="1" time="2.915" ignored="0" failures="0" timestamp="22 Mar 2017 19:45:37 GMT" skipped="0" hostname="BRPC444" errors="0">
  <testcase name="AtlasLeaderOnlyUSTest016_Non_Trip" time="2.915" classname="test.com.backroads.webdriver.testcases.atlas.leadInnTripPageTest"/>
</testsuite> <!-- test.com.backroads.webdriver.testcases.atlas.leadInnTripPageTest -->
