<?xml version="1.0" encoding="UTF-8"?>
<!-- Generated by org.testng.reporters.JUnitReportReporter -->
<testsuite name="dbtest.test" tests="1" time="0.153" ignored="0" failures="0" timestamp="03 Mar 2017 22:25:49 GMT" skipped="0" hostname="BRPC444" errors="0">
  <testcase name="TS73US15HrsDayX7_0" time="0.153" classname="dbtest.test"/>
</testsuite> <!-- dbtest.test -->
