<?xml version="1.0" encoding="UTF-8"?>
<!-- Generated by org.testng.reporters.JUnitReportReporter -->
<testsuite name="test.java.leadInnTripPageTest" tests="1" time="2.321" ignored="0" failures="0" timestamp="22 Mar 2017 22:28:06 GMT" skipped="0" hostname="BRPC444" errors="0">
  <testcase name="AtlasLeaderOnlyUSTest016_Non_Trip" time="2.321" classname="test.java.leadInnTripPageTest"/>
</testsuite> <!-- test.java.leadInnTripPageTest -->
